# JRE version: Java(TM) SE Runtime Environment (8.0_51-b16) (build 1.8.0_51-b16)
# Java VM: Java HotSpot(TM) 64-Bit Server VM (25.51-b03 mixed mode bsd-amd64 compressed oops)
Heap:
 PSYoungGen      total 38400K, used 5908K [0x0000000795580000, 0x0000000798380000, 0x00000007c0000000)
  eden space 31744K, 18% used [0x0000000795580000,0x0000000795b253c8,0x0000000797480000)
  from space 6656K, 1% used [0x0000000797500000,0x0000000797520000,0x0000000797b80000)
  to   space 7680K, 0% used [0x0000000797c00000,0x0000000797c00000,0x0000000798380000)
 ParOldGen       total 87552K, used 6141K [0x0000000740000000, 0x0000000745580000, 0x0000000795580000)
  object space 87552K, 7% used [0x0000000740000000,0x00000007405ff4b8,0x0000000745580000)
 Metaspace       used 16085K, capacity 17024K, committed 17280K, reserved 1064960K
  class space    used 2238K, capacity 2423K, committed 2432K, reserved 1048576K
GC Heap History (10 events):
Event: 1326.283 GC heap before
{Heap before GC invocations=3 (full 0):
 PSYoungGen      total 38400K, used 38384K [0x0000000795580000, 0x0000000798000000, 0x00000007c0000000)
  eden space 33280K, 100% used [0x0000000795580000,0x0000000797600000,0x0000000797600000)
  from space 5120K, 99% used [0x0000000797b00000,0x0000000797ffc030,0x0000000798000000)
  to   space 5120K, 0% used [0x0000000797600000,0x0000000797600000,0x0000000797b00000)
 ParOldGen       total 87552K, used 1240K [0x0000000740000000, 0x0000000745580000, 0x0000000795580000)
  object space 87552K, 1% used [0x0000000740000000,0x0000000740136020,0x0000000745580000)
 Metaspace       used 16037K, capacity 16930K, committed 17024K, reserved 1064960K
  class space    used 2230K, capacity 2414K, committed 2432K, reserved 1048576K
Event: 1326.325 GC heap after
Heap after GC invocations=3 (full 0):
 PSYoungGen      total 38400K, used 5109K [0x0000000795580000, 0x0000000798000000, 0x00000007c0000000)
  eden space 33280K, 0% used [0x0000000795580000,0x0000000795580000,0x0000000797600000)
  from space 5120K, 99% used [0x0000000797600000,0x0000000797afd530,0x0000000797b00000)
  to   space 5120K, 0% used [0x0000000797b00000,0x0000000797b00000,0x0000000798000000)
 ParOldGen       total 87552K, used 1264K [0x0000000740000000, 0x0000000745580000, 0x0000000795580000)
  object space 87552K, 1% used [0x0000000740000000,0x000000074013c020,0x0000000745580000)
 Metaspace       used 16037K, capacity 16930K, committed 17024K, reserved 1064960K
  class space    used 2230K, capacity 2414K, committed 2432K, reserved 1048576K
}
Event: 2150.953 GC heap before
{Heap before GC invocations=4 (full 0):
 PSYoungGen      total 38400K, used 38389K [0x0000000795580000, 0x0000000798000000, 0x00000007c0000000)
  eden space 33280K, 100% used [0x0000000795580000,0x0000000797600000,0x0000000797600000)
  from space 5120K, 99% used [0x0000000797600000,0x0000000797afd530,0x0000000797b00000)
  to   space 5120K, 0% used [0x0000000797b00000,0x0000000797b00000,0x0000000798000000)
 ParOldGen       total 87552K, used 1264K [0x0000000740000000, 0x0000000745580000, 0x0000000795580000)
  object space 87552K, 1% used [0x0000000740000000,0x000000074013c020,0x0000000745580000)
 Metaspace       used 16037K, capacity 16930K, committed 17024K, reserved 1064960K
  class space    used 2230K, capacity 2414K, committed 2432K, reserved 1048576K
Event: 2150.988 GC heap after
Heap after GC invocations=4 (full 0):
 PSYoungGen      total 38400K, used 5106K [0x0000000795580000, 0x0000000798000000, 0x00000007c0000000)
  eden space 33280K, 0% used [0x0000000795580000,0x0000000795580000,0x0000000797600000)
  from space 5120K, 99% used [0x0000000797b00000,0x0000000797ffcac0,0x0000000798000000)
  to   space 5120K, 0% used [0x0000000797600000,0x0000000797600000,0x0000000797b00000)
 ParOldGen       total 87552K, used 1280K [0x0000000740000000, 0x0000000745580000, 0x0000000795580000)
  object space 87552K, 1% used [0x0000000740000000,0x0000000740140020,0x0000000745580000)
 Metaspace       used 16037K, capacity 16930K, committed 17024K, reserved 1064960K
  class space    used 2230K, capacity 2414K, committed 2432K, reserved 1048576K
}
Event: 2838.516 GC heap before
{Heap before GC invocations=5 (full 0):
 PSYoungGen      total 38400K, used 38386K [0x0000000795580000, 0x0000000798000000, 0x00000007c0000000)
  eden space 33280K, 100% used [0x0000000795580000,0x0000000797600000,0x0000000797600000)
  from space 5120K, 99% used [0x0000000797b00000,0x0000000797ffcac0,0x0000000798000000)
  to   space 5120K, 0% used [0x0000000797600000,0x0000000797600000,0x0000000797b00000)
 ParOldGen       total 87552K, used 1280K [0x0000000740000000, 0x0000000745580000, 0x0000000795580000)
  object space 87552K, 1% used [0x0000000740000000,0x0000000740140020,0x0000000745580000)
 Metaspace       used 16037K, capacity 16930K, committed 17024K, reserved 1064960K
  class space    used 2230K, capacity 2414K, committed 2432K, reserved 1048576K
Event: 2838.534 GC heap after
Heap after GC invocations=5 (full 0):
 PSYoungGen      total 37888K, used 4914K [0x0000000795580000, 0x0000000798280000, 0x00000007c0000000)
  eden space 32768K, 0% used [0x0000000795580000,0x0000000795580000,0x0000000797580000)
  from space 5120K, 95% used [0x0000000797600000,0x0000000797accaa0,0x0000000797b00000)
  to   space 6656K, 0% used [0x0000000797c00000,0x0000000797c00000,0x0000000798280000)
 ParOldGen       total 87552K, used 1280K [0x0000000740000000, 0x0000000745580000, 0x0000000795580000)
  object space 87552K, 1% used [0x0000000740000000,0x0000000740140020,0x0000000745580000)
 Metaspace       used 16037K, capacity 16930K, committed 17024K, reserved 1064960K
  class space    used 2230K, capacity 2414K, committed 2432K, reserved 1048576K
}
Event: 3477.770 GC heap before
{Heap before GC invocations=6 (full 0):
 PSYoungGen      total 37888K, used 37682K [0x0000000795580000, 0x0000000798280000, 0x00000007c0000000)
  eden space 32768K, 100% used [0x0000000795580000,0x0000000797580000,0x0000000797580000)
  from space 5120K, 95% used [0x0000000797600000,0x0000000797accaa0,0x0000000797b00000)
  to   space 6656K, 0% used [0x0000000797c00000,0x0000000797c00000,0x0000000798280000)
 ParOldGen       total 87552K, used 1280K [0x0000000740000000, 0x0000000745580000, 0x0000000795580000)
  object space 87552K, 1% used [0x0000000740000000,0x0000000740140020,0x0000000745580000)
 Metaspace       used 16037K, capacity 16930K, committed 17024K, reserved 1064960K
  class space    used 2230K, capacity 2414K, committed 2432K, reserved 1048576K
Event: 3478.085 GC heap after
Heap after GC invocations=6 (full 0):
 PSYoungGen      total 38400K, used 4898K [0x0000000795580000, 0x0000000798200000, 0x00000007c0000000)
  eden space 32256K, 0% used [0x0000000795580000,0x0000000795580000,0x0000000797500000)
  from space 6144K, 79% used [0x0000000797c00000,0x00000007980c8ab0,0x0000000798200000)
  to   space 6656K, 0% used [0x0000000797500000,0x0000000797500000,0x0000000797b80000)
 ParOldGen       total 87552K, used 1288K [0x0000000740000000, 0x0000000745580000, 0x0000000795580000)
  object space 87552K, 1% used [0x0000000740000000,0x0000000740142020,0x0000000745580000)
 Metaspace       used 16037K, capacity 16930K, committed 17024K, reserved 1064960K
  class space    used 2230K, capacity 2414K, committed 2432K, reserved 1048576K
}
Event: 4295.551 GC heap before
{Heap before GC invocations=7 (full 0):
 PSYoungGen      total 38400K, used 37154K [0x0000000795580000, 0x0000000798200000, 0x00000007c0000000)
  eden space 32256K, 100% used [0x0000000795580000,0x0000000797500000,0x0000000797500000)
  from space 6144K, 79% used [0x0000000797c00000,0x00000007980c8ab0,0x0000000798200000)
  to   space 6656K, 0% used [0x0000000797500000,0x0000000797500000,0x0000000797b80000)
 ParOldGen       total 87552K, used 1288K [0x0000000740000000, 0x0000000745580000, 0x0000000795580000)
  object space 87552K, 1% used [0x0000000740000000,0x0000000740142020,0x0000000745580000)
 Metaspace       used 16037K, capacity 16930K, committed 17024K, reserved 1064960K
  class space    used 2230K, capacity 2414K, committed 2432K, reserved 1048576K
Event: 4295.610 GC heap after
Heap after GC invocations=7 (full 0):
 PSYoungGen      total 38400K, used 128K [0x0000000795580000, 0x0000000798380000, 0x00000007c0000000)
  eden space 31744K, 0% used [0x0000000795580000,0x0000000795580000,0x0000000797480000)
  from space 6656K, 1% used [0x0000000797500000,0x0000000797520000,0x0000000797b80000)
  to   space 7680K, 0% used [0x0000000797c00000,0x0000000797c00000,0x0000000798380000)
 ParOldGen       total 87552K, used 6141K [0x0000000740000000, 0x0000000745580000, 0x0000000795580000)
  object space 87552K, 7% used [0x0000000740000000,0x00000007405ff4b8,0x0000000745580000)
 Metaspace       used 16037K, capacity 16930K, committed 17024K, reserved 1064960K
  class space    used 2230K, capacity 2414K, committed 2432K, reserved 1048576K
}

